2021-08-29 16:06:36,805:INFO:user:aaaa labled blenheim_spaniel_s_000123.png as dog 
2021-08-30 16:42:15,560:INFO:user:aaaa labled abandoned_ship_s_000213.png as ship 
2021-08-30 16:45:53,299:INFO:user:aaaa labled alces_alces_s_000621.png as deer 
2021-08-30 16:48:45,972:INFO:user:aaaa labled alces_alces_s_000498.png as deer 
2021-08-30 16:49:22,707:INFO:user:aaaa labled alley_cat_s_000013.png as cat 
2021-08-30 16:56:30,868:INFO:user:aaaa labled blenheim_spaniel_s_000132.png as cat 
2021-08-30 16:56:53,026:INFO:user:aaaa labled blenheim_spaniel_s_000123.png as dog 
2021-08-30 17:48:51,110:INFO:user:aaaa labled blenheim_spaniel_s_000123.png as dog 
2021-08-30 17:49:18,052:INFO:user:aaaa labled blenheim_spaniel_s_000132.png as cat 
2021-08-30 17:53:28,733:INFO:user:aaaa labled alley_cat_s_000013.png as cat 
2021-09-05 21:57:54,421:INFO:user:aaaa labled aerial_ladder_truck_s_000004.png as truck 
2021-09-05 23:17:15,762:INFO:user:aaaa labled blenheim_spaniel_s_000173.png as dog 
2021-09-06 16:37:14,791:INFO:user:aaaa labled aerial_ladder_truck_s_000002.png as truck 
2021-09-06 16:37:14,793:INFO:user:aaaa labled aerial_ladder_truck_s_000002.png as truck 
2021-09-06 16:41:57,438:INFO:user:aaaa labled appaloosa_s_000034.png as horse 
2021-09-06 16:41:57,438:INFO:user:aaaa labled appaloosa_s_000034.png as horse 
2021-09-06 16:47:35,856:INFO:user:aaaa labled aerial_ladder_truck_s_000004.png as truck 
2021-09-06 16:47:35,857:INFO:user:aaaa labled aerial_ladder_truck_s_000004.png as truck 
2021-09-06 16:51:57,401:INFO:user:aaaa labled alces_alces_s_000498.png as deer 
2021-09-06 16:51:57,401:INFO:user:aaaa labled alces_alces_s_000498.png as deer 
2021-09-06 17:00:05,057:INFO:user:aaaa labled appaloosa_s_000027.png as horse 
2021-09-06 17:01:11,845:INFO:user:aaaa labled alley_cat_s_000013.png as cat 
2021-09-06 19:48:21,143:INFO:user:aaaa labled appaloosa_s_000034.png as horse 
2021-09-06 19:57:14,113:INFO:user:aaaa labled alces_alces_s_000621.png as deer 
2021-09-06 22:57:07,496:INFO:user:aaaa labled aerial_ladder_truck_s_000004.png as truck 
2021-09-06 23:05:53,778:INFO:user:aaaa labled aerial_ladder_truck_s_000004.png as truck 
2021-09-06 23:06:24,804:INFO:user:aaaa labled alces_alces_s_000498.png as deer 
2021-09-06 23:06:49,191:INFO:user:aaaa labled alley_cat_s_000013.png as cat 
2021-09-25 16:51:43,056:INFO:user:aaaa labled alces_alces_s_000498.png as deer 
2021-09-25 16:52:06,177:INFO:user:aaaa labled alley_cat_s_000013.png as cat 
2021-09-25 16:52:48,664:INFO:user:aaaa labled appaloosa_s_000044.png as horse 
2021-09-26 15:28:46,461:INFO:user:aaaa labled blenheim_spaniel_s_000259.png as dog 
2021-09-26 15:29:22,285:INFO:user:aaaa labled blenheim_spaniel_s_000096.png as dog 
2021-09-29 21:02:20,790:INFO:user:aaaa labled blenheim_spaniel_s_000620.png as dog 
2021-09-29 23:24:32,490:INFO:user:aaaa labled blenheim_spaniel_s_000355.png as dog 
2021-09-29 23:24:32,491:INFO:user:aaaa labled blenheim_spaniel_s_000355.png as dog 
2021-09-29 23:25:00,742:INFO:user:aaaa labled blenheim_spaniel_s_000173.png as dog 
2021-09-29 23:25:00,742:INFO:user:aaaa labled blenheim_spaniel_s_000173.png as dog 
